<?xml version="1.0" encoding="UTF-8"?>
<!-- Generated by org.testng.reporters.JUnitXMLReporter -->
<testsuite ignored="0" hostname="DESKTOP-07J22P1" failures="0" tests="3" name="Test-2" time="26.759" errors="0" timestamp="2024-05-16T11:58:36 IST">
  <testcase classname="com.comcast.crm.basetest.BaseClass" name="@BeforeMethod tologintoapp" time="12.509">
    <failure type="org.openqa.selenium.StaleElementReferenceException" message="stale element reference: stale element not found
  (Session info: chrome=124.0.6367.201)
For documentation on this error, please visit: https://www.selenium.dev/documentation/webdriver/troubleshooting/errors#stale-element-reference-exception
Build info: version: &amp;apos;4.12.1&amp;apos;, revision: &amp;apos;8e34639b11&amp;apos;
System info: os.name: &amp;apos;Windows 10&amp;apos;, os.arch: &amp;apos;amd64&amp;apos;, os.version: &amp;apos;10.0&amp;apos;, java.version: &amp;apos;17.0.8&amp;apos;
Driver info: org.openqa.selenium.chrome.ChromeDriver
Command: [84a6933729961d915bea7c23de2f96bd, clickElement {id=f.023767D22EBADAAF99D9358D53EEED58.d.B019C9FC06B2AC6FA614FD4C10B61DE3.e.45}]
Capabilities {acceptInsecureCerts: false, browserName: chrome, browserVersion: 124.0.6367.201, chrome: {chromedriverVersion: 124.0.6367.207 (a9001a6e39f..., userDataDir: C:\Users\DELL\AppData\Local...}, fedcm:accounts: true, goog:chromeOptions: {debuggerAddress: localhost:52671}, networkConnectionEnabled: false, pageLoadStrategy: normal, platformName: windows, proxy: Proxy(), se:cdp: ws://localhost:52671/devtoo..., se:cdpVersion: 124.0.6367.201, setWindowRect: true, strictFileInteractability: false, timeouts: {implicit: 0, pageLoad: 300000, script: 30000}, unhandledPromptBehavior: dismiss and notify, webauthn:extension:credBlob: true, webauthn:extension:largeBlob: true, webauthn:extension:minPinLength: true, webauthn:extension:prf: true, webauthn:virtualAuthenticators: true}
Element: [[ChromeDriver: chrome on windows (84a6933729961d915bea7c23de2f96bd)] -&amp;gt; id: submitButton]
Session ID: 84a6933729961d915bea7c23de2f96bd">
      <![CDATA[org.openqa.selenium.StaleElementReferenceException: stale element reference: stale element not found
  (Session info: chrome=124.0.6367.201)
For documentation on this error, please visit: https://www.selenium.dev/documentation/webdriver/troubleshooting/errors#stale-element-reference-exception
Build info: version: '4.12.1', revision: '8e34639b11'
System info: os.name: 'Windows 10', os.arch: 'amd64', os.version: '10.0', java.version: '17.0.8'
Driver info: org.openqa.selenium.chrome.ChromeDriver
Command: [84a6933729961d915bea7c23de2f96bd, clickElement {id=f.023767D22EBADAAF99D9358D53EEED58.d.B019C9FC06B2AC6FA614FD4C10B61DE3.e.45}]
Capabilities {acceptInsecureCerts: false, browserName: chrome, browserVersion: 124.0.6367.201, chrome: {chromedriverVersion: 124.0.6367.207 (a9001a6e39f..., userDataDir: C:\Users\DELL\AppData\Local...}, fedcm:accounts: true, goog:chromeOptions: {debuggerAddress: localhost:52671}, networkConnectionEnabled: false, pageLoadStrategy: normal, platformName: windows, proxy: Proxy(), se:cdp: ws://localhost:52671/devtoo..., se:cdpVersion: 124.0.6367.201, setWindowRect: true, strictFileInteractability: false, timeouts: {implicit: 0, pageLoad: 300000, script: 30000}, unhandledPromptBehavior: dismiss and notify, webauthn:extension:credBlob: true, webauthn:extension:largeBlob: true, webauthn:extension:minPinLength: true, webauthn:extension:prf: true, webauthn:virtualAuthenticators: true}
Element: [[ChromeDriver: chrome on windows (84a6933729961d915bea7c23de2f96bd)] -> id: submitButton]
Session ID: 84a6933729961d915bea7c23de2f96bd
at org.openqa.selenium.remote.codec.w3c.W3CHttpResponseCodec.createException(W3CHttpResponseCodec.java:200)
at org.openqa.selenium.remote.codec.w3c.W3CHttpResponseCodec.decode(W3CHttpResponseCodec.java:133)
at org.openqa.selenium.remote.codec.w3c.W3CHttpResponseCodec.decode(W3CHttpResponseCodec.java:52)
at org.openqa.selenium.remote.HttpCommandExecutor.execute(HttpCommandExecutor.java:191)
at org.openqa.selenium.remote.service.DriverCommandExecutor.invokeExecute(DriverCommandExecutor.java:196)
at org.openqa.selenium.remote.service.DriverCommandExecutor.execute(DriverCommandExecutor.java:171)
at org.openqa.selenium.remote.RemoteWebDriver.execute(RemoteWebDriver.java:602)
at org.openqa.selenium.remote.RemoteWebElement.execute(RemoteWebElement.java:224)
at org.openqa.selenium.remote.RemoteWebElement.click(RemoteWebElement.java:77)
at org.openqa.selenium.support.pagefactory.internal.LocatingElementHandler.invoke(LocatingElementHandler.java:51)
at jdk.proxy2/jdk.proxy2.$Proxy20.click(Unknown Source)
at com.comcast.crm.objectrepositoryutility.LoginPage.loginToApp(LoginPage.java:43)
at com.comcast.crm.basetest.BaseClass.tologintoapp(BaseClass.java:74)
at java.base/java.util.ArrayList.forEach(ArrayList.java:1511)
at java.base/java.util.concurrent.FutureTask.run(FutureTask.java:264)
at java.base/java.util.concurrent.ThreadPoolExecutor.runWorker(ThreadPoolExecutor.java:1136)
at java.base/java.util.concurrent.ThreadPoolExecutor$Worker.run(ThreadPoolExecutor.java:635)
at java.base/java.lang.Thread.run(Thread.java:833)
... Removed 31 stack frames]]>
    </failure>
  </testcase> <!-- @BeforeMethod tologintoapp -->
  <testcase classname="com.comcast.crm.basetest.BaseClass" name="@AfterMethod logoutofapp" time="-1.715840915777E9">
    <skipped/>
  </testcase> <!-- @AfterMethod logoutofapp -->
  <testcase classname="com.comcast.crm.basetest.BaseClass" name="@BeforeMethod tologintoapp" time="-1.715840915795E9">
    <skipped/>
  </testcase> <!-- @BeforeMethod tologintoapp -->
  <testcase classname="com.comcast.crm.basetest.BaseClass" name="@AfterMethod logoutofapp" time="-1.715840915861E9">
    <skipped/>
  </testcase> <!-- @AfterMethod logoutofapp -->
  <testcase classname="com.comcast.crm.basetest.BaseClass" name="@BeforeMethod tologintoapp" time="-1.715840915885E9">
    <skipped/>
  </testcase> <!-- @BeforeMethod tologintoapp -->
  <testcase classname="com.comcast.crm.basetest.BaseClass" name="@AfterMethod logoutofapp" time="-1.715840915915E9">
    <skipped/>
  </testcase> <!-- @AfterMethod logoutofapp -->
  <testcase classname="com.comcast.crm.basetest.BaseClass" name="@AfterClass toQuittheBrowser" time="-1.715840915923E9">
    <skipped/>
  </testcase> <!-- @AfterClass toQuittheBrowser -->
  <testcase classname="practiceComCast.createOrganizationsTest" name="createOrganizationTest" time="0.0">
    <skipped/>
  </testcase> <!-- createOrganizationTest -->
  <testcase classname="practiceComCast.createOrganizationsTest" name="createOrganizationWithDropDownTest" time="0.0">
    <skipped/>
  </testcase> <!-- createOrganizationWithDropDownTest -->
  <testcase classname="practiceComCast.createOrganizationsTest" name="createOrganizationWithPhoneNoTest" time="0.0">
    <skipped/>
  </testcase> <!-- createOrganizationWithPhoneNoTest -->
</testsuite> <!-- Test-2 -->
