<?xml version="1.0" encoding="UTF-8"?>
<!-- Generated by org.testng.reporters.JUnitXMLReporter -->
<testsuite ignored="0" hostname="DESKTOP-07J22P1" failures="0" tests="3" name="TestRunner-Firefox" time="213.928" errors="0" timestamp="2024-05-21T22:18:56 IST">
  <testcase classname="com.comcast.crm.basetest.BaseClass" name="@BeforeMethod tologintoapp" time="8.557">
    <failure type="org.openqa.selenium.StaleElementReferenceException" message="stale element reference: stale element not found
  (Session info: chrome=125.0.6422.60)
For documentation on this error, please visit: https://www.selenium.dev/documentation/webdriver/troubleshooting/errors#stale-element-reference-exception
Build info: version: &amp;apos;4.12.1&amp;apos;, revision: &amp;apos;8e34639b11&amp;apos;
System info: os.name: &amp;apos;Windows 10&amp;apos;, os.arch: &amp;apos;amd64&amp;apos;, os.version: &amp;apos;10.0&amp;apos;, java.version: &amp;apos;17.0.8&amp;apos;
Driver info: org.openqa.selenium.chrome.ChromeDriver
Command: [b683c4a73cb1b45d30b4b55f21243196, sendKeysToElement {id=f.B5AE6D1F9174A9E33C12283AC0D34FB0.d.3AF85362BB63E96BA28AD1BB930924FD.e.3, value=[Ljava.lang.CharSequence;@1789bbbf}]
Capabilities {acceptInsecureCerts: false, browserName: chrome, browserVersion: 125.0.6422.60, chrome: {chromedriverVersion: 125.0.6422.60 (3ac3319bff9f..., userDataDir: C:\Users\DELL\AppData\Local...}, fedcm:accounts: true, goog:chromeOptions: {debuggerAddress: localhost:63424}, networkConnectionEnabled: false, pageLoadStrategy: normal, platformName: windows, proxy: Proxy(), se:cdp: ws://localhost:63424/devtoo..., se:cdpVersion: 125.0.6422.60, setWindowRect: true, strictFileInteractability: false, timeouts: {implicit: 0, pageLoad: 300000, script: 30000}, unhandledPromptBehavior: dismiss and notify, webauthn:extension:credBlob: true, webauthn:extension:largeBlob: true, webauthn:extension:minPinLength: true, webauthn:extension:prf: true, webauthn:virtualAuthenticators: true}
Element: [[ChromeDriver: chrome on windows (b683c4a73cb1b45d30b4b55f21243196)] -&amp;gt; name: user_name]
Session ID: b683c4a73cb1b45d30b4b55f21243196">
      <![CDATA[org.openqa.selenium.StaleElementReferenceException: stale element reference: stale element not found
  (Session info: chrome=125.0.6422.60)
For documentation on this error, please visit: https://www.selenium.dev/documentation/webdriver/troubleshooting/errors#stale-element-reference-exception
Build info: version: '4.12.1', revision: '8e34639b11'
System info: os.name: 'Windows 10', os.arch: 'amd64', os.version: '10.0', java.version: '17.0.8'
Driver info: org.openqa.selenium.chrome.ChromeDriver
Command: [b683c4a73cb1b45d30b4b55f21243196, sendKeysToElement {id=f.B5AE6D1F9174A9E33C12283AC0D34FB0.d.3AF85362BB63E96BA28AD1BB930924FD.e.3, value=[Ljava.lang.CharSequence;@1789bbbf}]
Capabilities {acceptInsecureCerts: false, browserName: chrome, browserVersion: 125.0.6422.60, chrome: {chromedriverVersion: 125.0.6422.60 (3ac3319bff9f..., userDataDir: C:\Users\DELL\AppData\Local...}, fedcm:accounts: true, goog:chromeOptions: {debuggerAddress: localhost:63424}, networkConnectionEnabled: false, pageLoadStrategy: normal, platformName: windows, proxy: Proxy(), se:cdp: ws://localhost:63424/devtoo..., se:cdpVersion: 125.0.6422.60, setWindowRect: true, strictFileInteractability: false, timeouts: {implicit: 0, pageLoad: 300000, script: 30000}, unhandledPromptBehavior: dismiss and notify, webauthn:extension:credBlob: true, webauthn:extension:largeBlob: true, webauthn:extension:minPinLength: true, webauthn:extension:prf: true, webauthn:virtualAuthenticators: true}
Element: [[ChromeDriver: chrome on windows (b683c4a73cb1b45d30b4b55f21243196)] -> name: user_name]
Session ID: b683c4a73cb1b45d30b4b55f21243196
at org.openqa.selenium.remote.codec.w3c.W3CHttpResponseCodec.createException(W3CHttpResponseCodec.java:200)
at org.openqa.selenium.remote.codec.w3c.W3CHttpResponseCodec.decode(W3CHttpResponseCodec.java:133)
at org.openqa.selenium.remote.codec.w3c.W3CHttpResponseCodec.decode(W3CHttpResponseCodec.java:52)
at org.openqa.selenium.remote.HttpCommandExecutor.execute(HttpCommandExecutor.java:191)
at org.openqa.selenium.remote.service.DriverCommandExecutor.invokeExecute(DriverCommandExecutor.java:196)
at org.openqa.selenium.remote.service.DriverCommandExecutor.execute(DriverCommandExecutor.java:171)
at org.openqa.selenium.remote.RemoteWebDriver.execute(RemoteWebDriver.java:602)
at org.openqa.selenium.remote.RemoteWebElement.execute(RemoteWebElement.java:224)
at org.openqa.selenium.remote.RemoteWebElement.sendKeys(RemoteWebElement.java:111)
at org.openqa.selenium.support.pagefactory.internal.LocatingElementHandler.invoke(LocatingElementHandler.java:51)
at jdk.proxy2/jdk.proxy2.$Proxy22.sendKeys(Unknown Source)
at com.comcast.crm.objectrepositoryutility.LoginPage.loginToApp(LoginPage.java:41)
at com.comcast.crm.basetest.BaseClass.tologintoapp(BaseClass.java:92)
at java.base/java.util.ArrayList.forEach(ArrayList.java:1511)
at java.base/java.util.concurrent.FutureTask.run(FutureTask.java:264)
at java.base/java.util.concurrent.ThreadPoolExecutor.runWorker(ThreadPoolExecutor.java:1136)
at java.base/java.util.concurrent.ThreadPoolExecutor$Worker.run(ThreadPoolExecutor.java:635)
at java.base/java.lang.Thread.run(Thread.java:833)
... Removed 30 stack frames]]>
    </failure>
  </testcase> <!-- @BeforeMethod tologintoapp -->
  <testcase classname="com.comcast.crm.basetest.BaseClass" name="@AfterMethod logoutofapp" time="0.0">
    <skipped/>
  </testcase> <!-- @AfterMethod logoutofapp -->
  <testcase classname="com.comcast.crm.basetest.BaseClass" name="@BeforeMethod tologintoapp" time="0.0">
    <skipped/>
  </testcase> <!-- @BeforeMethod tologintoapp -->
  <testcase classname="com.comcast.crm.basetest.BaseClass" name="@AfterMethod logoutofapp" time="0.0">
    <skipped/>
  </testcase> <!-- @AfterMethod logoutofapp -->
  <testcase classname="com.comcast.crm.basetest.BaseClass" name="@BeforeMethod tologintoapp" time="0.0">
    <skipped/>
  </testcase> <!-- @BeforeMethod tologintoapp -->
  <testcase classname="com.comcast.crm.basetest.BaseClass" name="@AfterMethod logoutofapp" time="0.0">
    <skipped/>
  </testcase> <!-- @AfterMethod logoutofapp -->
  <testcase classname="com.comcast.crm.basetest.BaseClass" name="@AfterClass toQuittheBrowser" time="0.0">
    <skipped/>
  </testcase> <!-- @AfterClass toQuittheBrowser -->
  <testcase classname="practiceComCast.createOrganizationsTest" name="createOrganizationTest" time="43.932"/>
  <testcase classname="practiceComCast.createOrganizationsTest" name="createOrganizationWithDropDownTest" time="41.332"/>
  <testcase classname="practiceComCast.createOrganizationsTest" name="createOrganizationWithPhoneNoTest" time="40.654"/>
</testsuite> <!-- TestRunner-Firefox -->
